<?xml version="1.0" encoding="UTF-8"?>
<!-- Generated by org.testng.reporters.JUnitReportReporter -->
<testsuite hostname="DESKTOP-VA196IG" failures="0" tests="5" name="restapi.AppTest" time="5.266" errors="0" timestamp="2024-04-13T12:44:30 IST" skipped="0">
  <testcase classname="restapi.AppTest" name="postDataToAPI" time="3.998"/>
  <testcase classname="restapi.AppTest" name="getDataFromAPI" time="0.223"/>
  <testcase classname="restapi.AppTest" name="putDataToAPI" time="0.345"/>
  <testcase classname="restapi.AppTest" name="patchDataToAPI" time="0.204"/>
  <testcase classname="restapi.AppTest" name="deleteDataFromAPI" time="0.496"/>
</testsuite> <!-- restapi.AppTest -->
