<?xml version="1.0" encoding="UTF-8"?>
<!-- Generated by org.testng.reporters.JUnitReportReporter -->
<testsuite hostname="DESKTOP-VA196IG" failures="0" tests="5" name="restapi.AppTest" time="4.853" errors="0" timestamp="2024-04-13T12:22:31 IST" skipped="0">
  <testcase classname="restapi.AppTest" name="postDataToAPI" time="3.163"/>
  <testcase classname="restapi.AppTest" name="getDataFromAPI" time="0.492"/>
  <testcase classname="restapi.AppTest" name="putDataToAPI" time="0.357"/>
  <testcase classname="restapi.AppTest" name="patchDataToAPI" time="0.587"/>
  <testcase classname="restapi.AppTest" name="deleteDataFromAPI" time="0.254"/>
</testsuite> <!-- restapi.AppTest -->
